<?xml version="1.0" encoding="UTF-8"?>
<!-- Generated by org.testng.reporters.JUnitReportReporter -->
<testsuite hostname="Lenovo-PC" name="windowhandle.Testprop" tests="1" failures="0" timestamp="18 Aug 2018 14:06:45 GMT" time="0.024" errors="0">
  <testcase name="test" time="0.024" classname="windowhandle.Testprop"/>
</testsuite> <!-- windowhandle.Testprop -->
