<?xml version="1.0" encoding="UTF-8"?>
<!-- Generated by org.testng.reporters.JUnitReportReporter -->
<testsuite hostname="Lenovo-PC" name="Testng.AllAnnotation" tests="4" failures="0" timestamp="12 Dec 2018 09:05:39 GMT" time="0.036" errors="0">
  <testcase name="check" time="0.004" classname="Testng.AllAnnotation"/>
  <testcase name="login" time="0.011" classname="Testng.AllAnnotation"/>
  <testcase name="a2" time="0.016" classname="Testng.AllAnnotation"/>
  <testcase name="signout" time="0.005" classname="Testng.AllAnnotation"/>
</testsuite> <!-- Testng.AllAnnotation -->
