<?xml version="1.0" encoding="UTF-8"?>
<!-- Generated by org.testng.reporters.JUnitReportReporter -->
<testsuite hostname="Lenovo-PC" name="Testng.NewTest" tests="2" failures="0" timestamp="9 Oct 2018 07:38:37 GMT" time="355.772" errors="0">
  <testcase name="verifytitle" time="170.181" classname="Testng.NewTest"/>
  <testcase name="verifytitle" time="185.591" classname="Testng.NewTest"/>
</testsuite> <!-- Testng.NewTest -->
